Avocado, 0.73
Blackberry, 1.07
Buddha's hand, 0.71
Cherimoya, 0.70
Chico fruit, 1.09
Chili pepper, 0.87
Cloudberry, 0.79
Corn kernel, 1.11
Cranberry, 1.25
Cucumber, 0.82
Damson, 0.89
Date, 0.53
Goji berry, 0.56
Grape, 1.19
Honeydew, 1.01
Huckleberry, 0.64
Jujube, 1.02
Kiwifruit, 0.58
Mangosteen, 0.84
Melon, 1.04
Nance, 1.12
Olive, 0.77
Passionfruit, 0.50
Peach, 0.72
Pear, 1.24
Plum, 1.10
Plumcot, 0.75
Pomelo, 0.92
Prune, 1.16
Salak, 1.05
Salal berry, 1.08
Star fruit, 1.03
Strawberry, 0.51
Tangerine, 1.06
Tomato, 1.00
Yuzu, 0.99

Number of items: 36
Cost: 32.44
